<?xml version="1.0" encoding="UTF-8"?>
<testng-results ignored="0" total="1" passed="1" failed="0" skipped="0">
  <reporter-output>
  </reporter-output>
  <suite started-at="2023-12-26T14:42:50 IST" name="Suite" finished-at="2023-12-26T14:43:13 IST" duration-ms="23515">
    <groups>
    </groups>
    <test started-at="2023-12-26T14:42:50 IST" name="Test" finished-at="2023-12-26T14:43:13 IST" duration-ms="23515">
      <class name="com.bfm.project.login">
        <test-method signature="login()[pri:0, instance:com.bfm.project.login@564fabc8]" started-at="2023-12-26T14:42:50 IST" name="login" finished-at="2023-12-26T14:43:13 IST" duration-ms="23465" status="PASS">
          <reporter-output>
          </reporter-output>
        </test-method> <!-- login -->
      </class> <!-- com.bfm.project.login -->
    </test> <!-- Test -->
  </suite> <!-- Suite -->
</testng-results>
