<?xml version="1.0" encoding="UTF-8"?>
<testng-results ignored="0" total="1" passed="1" failed="0" skipped="0">
  <reporter-output>
  </reporter-output>
  <suite started-at="2023-12-26T12:14:39 IST" name="Default suite" finished-at="2023-12-26T12:15:05 IST" duration-ms="25549">
    <groups>
    </groups>
    <test started-at="2023-12-26T12:14:39 IST" name="Default test" finished-at="2023-12-26T12:15:05 IST" duration-ms="25549">
      <class name="com.bfm.project.login">
        <test-method signature="login()[pri:0, instance:com.bfm.project.login@434a63ab]" started-at="2023-12-26T12:14:39 IST" name="login" finished-at="2023-12-26T12:15:05 IST" duration-ms="25510" status="PASS">
          <reporter-output>
          </reporter-output>
        </test-method> <!-- login -->
      </class> <!-- com.bfm.project.login -->
    </test> <!-- Default test -->
  </suite> <!-- Default suite -->
</testng-results>
